<?xml version="1.0" encoding="UTF-8"?>
<!-- Generated by org.testng.reporters.JUnitReportReporter -->
<testsuite hostname="LAPTOP-U2DFAHNC" failures="0" tests="2" name="TestNGdemo.DataDrivenTesting" time="7.792" errors="0" timestamp="2024-03-07T13:35:22 IST" skipped="0">
  <testcase classname="TestNGdemo.DataDrivenTesting" name="OHRM" time="5.896"/>
  <system-out/>
  <testcase classname="TestNGdemo.DataDrivenTesting" name="OHRM" time="1.896"/>
  <system-out/>
</testsuite> <!-- TestNGdemo.DataDrivenTesting -->
