<?xml version="1.0" encoding="UTF-8"?>
<!-- Generated by org.testng.reporters.JUnitReportReporter -->
<testsuite hostname="LAPTOP-U2DFAHNC" failures="0" tests="2" name="TestNGdemo.Write_data_to_excel" time="0.046" errors="0" timestamp="2024-03-13T19:16:05 IST" skipped="0">
  <testcase classname="TestNGdemo.Write_data_to_excel" name="writetoexcel" time="0.003"/>
  <system-out/>
  <testcase classname="TestNGdemo.Write_data_to_excel" name="writetoexcel" time="0.043"/>
  <system-out/>
</testsuite> <!-- TestNGdemo.Write_data_to_excel -->
