<?xml version="1.0" encoding="UTF-8"?>
<!-- Generated by org.testng.reporters.JUnitReportReporter -->
<testsuite hostname="LAPTOP-U2DFAHNC" failures="0" tests="4" name="TestNGdemo.AmazonTest" time="42.314" errors="0" timestamp="2024-03-07T12:50:35 IST" skipped="0">
  <testcase classname="TestNGdemo.AmazonTest" name="bestsellers" time="3.367"/>
  <system-out/>
  <testcase classname="TestNGdemo.AmazonTest" name="mobiles" time="5.473"/>
  <system-out/>
  <testcase classname="TestNGdemo.AmazonTest" name="Todaysdeals" time="4.426"/>
  <system-out/>
  <testcase classname="TestNGdemo.AmazonTest" name="Electronics" time="29.048"/>
  <system-out/>
</testsuite> <!-- TestNGdemo.AmazonTest -->
